<?xml version="1.0" encoding="UTF-8"?>
<!-- Generated by org.testng.reporters.JUnitReportReporter -->
<testsuite hostname="TYSS-Monish-Rajendran" failures="0" tests="1" name="org.automation.testScripts.WishListScriptsTest" time="8.361" errors="0" timestamp="2024-02-07T14:59:29 IST" skipped="0">
  <testcase classname="org.automation.testScripts.WishListScriptsTest" name="wishListScripts" time="8.361"/>
  <system-out>
    <![CDATA[Books Page Displayed 
Fiction Ex Product Displayed
FictionEx Displayed in Wishlist Page
FictionEx Removed From Wishlist]]>
  </system-out>
</testsuite> <!-- org.automation.testScripts.WishListScriptsTest -->
