<?xml version="1.0" encoding="UTF-8"?>
<!-- Generated by org.testng.reporters.JUnitReportReporter -->
<testsuite hostname="TYSS-Monish-Rajendran" failures="0" tests="3" name="org.automation.testScripts.RegisterScriptsTest" time="23.071" errors="0" timestamp="2024-02-07T14:59:29 IST" skipped="0">
  <testcase classname="org.automation.testScripts.RegisterScriptsTest" name="registerTestCase" time="7.449"/>
  <system-out>
    <![CDATA[Register Page Displayed
Registration Successful]]>
  </system-out>
  <testcase classname="org.automation.testScripts.RegisterScriptsTest" name="registerTestCase" time="8.004"/>
  <system-out>
    <![CDATA[Register Page Displayed
Registration Successful]]>
  </system-out>
  <testcase classname="org.automation.testScripts.RegisterScriptsTest" name="registerTestCase" time="7.618"/>
  <system-out>
    <![CDATA[Register Page Displayed
Registration Successful]]>
  </system-out>
</testsuite> <!-- org.automation.testScripts.RegisterScriptsTest -->
