<?xml version="1.0" encoding="UTF-8"?>
<!-- Generated by org.testng.reporters.JUnitReportReporter -->
<testsuite hostname="TYSS-Monish-Rajendran" failures="0" tests="1" name="org.automation.testScripts.CartTestScripts" time="13.539" errors="0" timestamp="2024-02-06T16:44:37 IST" skipped="0">
  <testcase classname="org.automation.testScripts.CartTestScripts" name="cartTestScripts" time="13.539"/>
  <system-out>
    <![CDATA[Digital Download Page Displayed
ShoppingCart Page Displayed
All The Products Added To cart
All The Products Are Removed]]>
  </system-out>
</testsuite> <!-- org.automation.testScripts.CartTestScripts -->
