<?xml version="1.0" encoding="UTF-8"?>
<!-- Generated by org.testng.reporters.JUnitReportReporter -->
<testsuite hostname="TYSS-Monish-Rajendran" failures="0" tests="1" name="org.automation.testScripts.CartScriptsTest" time="13.473" errors="0" timestamp="2024-02-07T14:59:29 IST" skipped="0">
  <testcase classname="org.automation.testScripts.CartScriptsTest" name="cartTestScripts" time="13.473"/>
  <system-out>
    <![CDATA[Digital Download Page Displayed
ShoppingCart Page Displayed
All The Products Added To cart
All The Products Are Removed]]>
  </system-out>
</testsuite> <!-- org.automation.testScripts.CartScriptsTest -->
